<?xml version="1.0" encoding="UTF-8"?>
<!-- Generated by org.testng.reporters.JUnitXMLReporter -->
<testsuite ignored="0" hostname="Mac.attlocal.net" failures="1" tests="2" name="test1" time="23.497" errors="0" timestamp="2025-05-25T16:49:33 PDT">
  <testcase classname="TestCases.TC001_RegisterAccount" name="verifyAccountRegistration" time="2.159"/>
  <testcase classname="TestCases.TC002_Login" name="Verify_Login" time="11.47">
    <failure type="java.lang.AssertionError" message="expected [true] but found [false]">
      <![CDATA[java.lang.AssertionError: expected [true] but found [false]
at TestCases.TC002_Login.Verify_Login(TC002_Login.java:32)
at java.base/java.util.ArrayList.forEach(ArrayList.java:1597)
at com.intellij.rt.testng.IDEARemoteTestNG.run(IDEARemoteTestNG.java:65)
at com.intellij.rt.testng.RemoteTestNGStarter.main(RemoteTestNGStarter.java:105)
... Removed 26 stack frames]]>
    </failure>
  </testcase> <!-- Verify_Login -->
</testsuite> <!-- test1 -->
