<?xml version="1.0" encoding="UTF-8"?>
<testng-results ignored="0" total="1" passed="1" failed="0" skipped="0">
  <reporter-output>
  </reporter-output>
  <suite started-at="2025-05-25T16:51:28 PDT" name="Failed suite [Master suit]" finished-at="2025-05-25T16:51:35 PDT" duration-ms="6839">
    <groups>
      <group name="regression">
        <method signature="TC002_Login.Verify_Login()[pri:0, instance:TestCases.TC002_Login@6436a7db]" name="Verify_Login" class="TestCases.TC002_Login"/>
      </group> <!-- regression -->
      <group name="master">
        <method signature="TC002_Login.Verify_Login()[pri:0, instance:TestCases.TC002_Login@6436a7db]" name="Verify_Login" class="TestCases.TC002_Login"/>
      </group> <!-- master -->
    </groups>
    <test started-at="2025-05-25T16:51:28 PDT" name="test1(failed)" finished-at="2025-05-25T16:51:35 PDT" duration-ms="6839">
      <class name="TestCases.TC002_Login">
        <test-method is-config="true" signature="setUp(java.lang.String)[pri:0, instance:TestCases.TC002_Login@6436a7db]" started-at="2025-05-25T16:51:28 PDT" name="setUp" finished-at="2025-05-25T16:51:33 PDT" duration-ms="5162" status="PASS">
          <params>
            <param index="0">
              <value>
                <![CDATA[chrome]]>
              </value>
            </param>
          </params>
          <reporter-output>
          </reporter-output>
        </test-method> <!-- setUp -->
        <test-method signature="Verify_Login()[pri:0, instance:TestCases.TC002_Login@6436a7db]" started-at="2025-05-25T16:51:33 PDT" name="Verify_Login" finished-at="2025-05-25T16:51:35 PDT" duration-ms="1437" status="PASS">
          <reporter-output>
          </reporter-output>
        </test-method> <!-- Verify_Login -->
        <test-method is-config="true" signature="tearDown()[pri:0, instance:TestCases.TC002_Login@6436a7db]" started-at="2025-05-25T16:51:35 PDT" name="tearDown" finished-at="2025-05-25T16:51:35 PDT" duration-ms="96" status="PASS">
          <reporter-output>
          </reporter-output>
        </test-method> <!-- tearDown -->
      </class> <!-- TestCases.TC002_Login -->
    </test> <!-- test1(failed) -->
  </suite> <!-- Failed suite [Master suit] -->
</testng-results>
